Traceback (most recent call last):
  File "/home/yeenqumq/app.py/passenger_wsgi.py", line 9, in <module>
    application = wsgi.__main__
AttributeError: module 'wsgi' has no attribute '__main__'
Traceback (most recent call last):
  File "/home/yeenqumq/app.py/passenger_wsgi.py", line 9, in <module>
    application = wsgi.__main__
AttributeError: module 'wsgi' has no attribute '__main__'
Traceback (most recent call last):
  File "/home/yeenqumq/app.py/passenger_wsgi.py", line 9, in <module>
    application = wsgi.__main__
AttributeError: module 'wsgi' has no attribute '__main__'
Traceback (most recent call last):
  File "/home/yeenqumq/app.py/passenger_wsgi.py", line 9, in <module>
    application = wsgi.__main__
AttributeError: module 'wsgi' has no attribute '__main__'
Traceback (most recent call last):
  File "/home/yeenqumq/app.py/passenger_wsgi.py", line 9, in <module>
    application = wsgi.__main__
AttributeError: module 'wsgi' has no attribute '__main__'
Traceback (most recent call last):
  File "/home/yeenqumq/app.py/passenger_wsgi.py", line 9, in <module>
    application = wsgi.__main__
AttributeError: module 'wsgi' has no attribute '__main__'
Traceback (most recent call last):
  File "/home/yeenqumq/app.py/passenger_wsgi.py", line 9, in <module>
    application = wsgi.__main__
AttributeError: module 'wsgi' has no attribute '__main__'
Traceback (most recent call last):
  File "/home/yeenqumq/app.py/passenger_wsgi.py", line 9, in <module>
    application = wsgi.__main__
AttributeError: module 'wsgi' has no attribute '__main__'
Traceback (most recent call last):
  File "/home/yeenqumq/app.py/passenger_wsgi.py", line 9, in <module>
    application = wsgi.__main__
AttributeError: module 'wsgi' has no attribute '__main__'
Traceback (most recent call last):
  File "/home/yeenqumq/app.py/passenger_wsgi.py", line 9, in <module>
    application = wsgi.__main__
AttributeError: module 'wsgi' has no attribute '__main__'
Traceback (most recent call last):
  File "/home/yeenqumq/app.py/passenger_wsgi.py", line 9, in <module>
    application = wsgi.__main__
AttributeError: module 'wsgi' has no attribute '__main__'
Traceback (most recent call last):
  File "/home/yeenqumq/app.py/passenger_wsgi.py", line 9, in <module>
    application = wsgi.__main__
AttributeError: module 'wsgi' has no attribute '__main__'
Traceback (most recent call last):
  File "/home/yeenqumq/app.py/passenger_wsgi.py", line 9, in <module>
    application = wsgi.__main__
AttributeError: module 'wsgi' has no attribute '__main__'
Traceback (most recent call last):
  File "/home/yeenqumq/app.py/passenger_wsgi.py", line 9, in <module>
    application = wsgi.__main__
AttributeError: module 'wsgi' has no attribute '__main__'
Traceback (most recent call last):
  File "/home/yeenqumq/app.py/passenger_wsgi.py", line 9, in <module>
    application = wsgi.__main__
AttributeError: module 'wsgi' has no attribute '__main__'
Traceback (most recent call last):
  File "/home/yeenqumq/app.py/passenger_wsgi.py", line 9, in <module>
    application = wsgi.__main__
AttributeError: module 'wsgi' has no attribute '__main__'
Traceback (most recent call last):
  File "/home/yeenqumq/app.py/passenger_wsgi.py", line 9, in <module>
    application = wsgi.__main__
AttributeError: module 'wsgi' has no attribute '__main__'
Traceback (most recent call last):
  File "/home/yeenqumq/app.py/passenger_wsgi.py", line 9, in <module>
    application = wsgi.__main__
AttributeError: module 'wsgi' has no attribute '__main__'
Traceback (most recent call last):
  File "/home/yeenqumq/app.py/passenger_wsgi.py", line 9, in <module>
    application = wsgi.__main__
AttributeError: module 'wsgi' has no attribute '__main__'
Traceback (most recent call last):
  File "/home/yeenqumq/app.py/passenger_wsgi.py", line 9, in <module>
    application = wsgi.__main__
AttributeError: module 'wsgi' has no attribute '__main__'
Traceback (most recent call last):
  File "/home/yeenqumq/app.py/passenger_wsgi.py", line 9, in <module>
    application = wsgi.__main__
AttributeError: module 'wsgi' has no attribute '__main__'
OSError: LSAPI: File error
OSError: LSAPI: File error
OSError: LSAPI: File error
OSError: LSAPI: File error
OSError: LSAPI: File error
OSError: LSAPI: File error
OSError: LSAPI: File error
OSError: LSAPI: File error
OSError: LSAPI: File error
OSError: LSAPI: File error
OSError: LSAPI: File error
OSError: LSAPI: File error
OSError: LSAPI: File error
OSError: LSAPI: File error
OSError: LSAPI: File error
OSError: LSAPI: File error
OSError: LSAPI: File error
OSError: LSAPI: File error
